<?xml version="1.0" encoding="UTF-8"?>
<!-- Generated by org.testng.reporters.JUnitXMLReporter -->
<testsuite hostname="LAPTOP-JVNL5G83" ignored="0" name="Test" tests="15" failures="2" timestamp="10 May 2020 23:23:52 GMT" time="288.199" errors="0">
  <testcase name="loginPageTitleTest" time="0.051" classname="E_Commerece.onLineShoppingProject.SignInTest">
    <failure type="java.lang.AssertionError" message="expected [My Premium Store] but found [My Store]">
      <![CDATA[java.lang.AssertionError: expected [My Premium Store] but found [My Store]
	at E_Commerece.onLineShoppingProject.SignInTest.loginPageTitleTest(SignInTest.java:34)
... Removed 31 stack frames]]>
    </failure>
  </testcase> <!-- loginPageTitleTest -->
  <testcase name="verifyUserNameTest" time="0.1" classname="E_Commerece.onLineShoppingProject.HomePageTest"/>
  <testcase name="fillContactForm" time="1.861" classname="E_Commerece.onLineShoppingProject.ContactUsTest"/>
  <testcase name="clickAddToWishListButtonTest" time="0.96" classname="E_Commerece.onLineShoppingProject.AddToCartTest"/>
  <testcase name="readDressDescriptionTest" time="0.05" classname="E_Commerece.onLineShoppingProject.CheckOutTest"/>
  <testcase name="clickSignInButtonTest" time="1.446" classname="E_Commerece.onLineShoppingProject.SignInTest"/>
  <testcase name="addtoCartTest" time="1.645" classname="E_Commerece.onLineShoppingProject.AddToCartTest"/>
  <testcase name="readContactnoTest" time="0.048" classname="E_Commerece.onLineShoppingProject.CheckOutTest">
    <failure type="java.lang.AssertionError" message="expected [64721TestUtil.IMPLICIT_WAIT299TestUtil.IMPLICIT_WAIT] but found [6472152995]">
      <![CDATA[java.lang.AssertionError: expected [64721TestUtil.IMPLICIT_WAIT299TestUtil.IMPLICIT_WAIT] but found [6472152995]
	at E_Commerece.onLineShoppingProject.CheckOutTest.readContactnoTest(CheckOutTest.java:72)
... Removed 31 stack frames]]>
    </failure>
  </testcase> <!-- readContactnoTest -->
  <testcase name="verifyHomeIconTest" time="0.052" classname="E_Commerece.onLineShoppingProject.HomePageTest"/>
  <testcase name="verifyStoreLogoTest" time="0.072" classname="E_Commerece.onLineShoppingProject.SignInTest"/>
  <testcase name="readPriceOfDress" time="0.055" classname="E_Commerece.onLineShoppingProject.CheckOutTest"/>
  <testcase name="shoppingCartItemsTest" time="1.169" classname="E_Commerece.onLineShoppingProject.HomePageTest"/>
  <testcase name="SubmitTest" time="2.468" classname="E_Commerece.onLineShoppingProject.SignInTest"/>
  <testcase name="addMessageTest" time="0.959" classname="E_Commerece.onLineShoppingProject.CheckOutTest"/>
  <testcase name="paymentMethodTest" time="4.333" classname="E_Commerece.onLineShoppingProject.CheckOutTest"/>
</testsuite> <!-- Test -->
