<?xml version="1.0" encoding="UTF-8"?>
<!-- Generated by org.testng.reporters.JUnitReportReporter -->
<testsuite skipped="2" hostname="LAPTOP-JVNL5G83" name="E_Commerece.onLineShoppingProject.AddToCartTest" tests="3" failures="0" timestamp="12 Jun 2020 08:34:23 GMT" time="1.528" errors="1">
  <testcase name="setup" time="1.528" classname="E_Commerece.onLineShoppingProject.AddToCartTest">
    <error type="org.openqa.selenium.SessionNotCreatedException" message="session not created: This version of ChromeDriver only supports Chrome version 80
Build info: version: &#039;3.6.0&#039;, revision: &#039;6fbf3ec767&#039;, time: &#039;2017-09-27T15:28:36.4Z&#039;
System info: host: &#039;LAPTOP-JVNL5G83&#039;, ip: &#039;192.168.56.1&#039;, os.name: &#039;Windows 10&#039;, os.arch: &#039;amd64&#039;, os.version: &#039;10.0&#039;, java.version: &#039;1.8.0_151&#039;
Driver info: driver.version: ChromeDriver
remote stacktrace: Backtrace:
	Ordinal0 [0x00A30C83+1707139]
	Ordinal0 [0x009968F1+1075441]
	Ordinal0 [0x0090DFC9+516041]
	Ordinal0 [0x008A0554+66900]
	Ordinal0 [0x0089CCE2+52450]
	Ordinal0 [0x008BBFD7+180183]
	Ordinal0 [0x008BBDDD+179677]
	Ordinal0 [0x008B9D4B+171339]
	Ordinal0 [0x008A1D4A+73034]
	Ordinal0 [0x008A2DC0+77248]
	Ordinal0 [0x008A2D59+77145]
	Ordinal0 [0x009ABB67+1162087]
	GetHandleVerifier [0x00ACA966+508998]
	GetHandleVerifier [0x00ACA6A4+508292]
	GetHandleVerifier [0x00ADF7B7+594583]
	GetHandleVerifier [0x00ACB1D6+511158]
	Ordinal0 [0x009A402C+1130540]
	Ordinal0 [0x009AD4CB+1168587]
	Ordinal0 [0x009AD633+1168947]
	Ordinal0 [0x009C5B35+1268533]
	BaseThreadInitThunk [0x77506359+25]
	RtlGetAppContainerNamedObjectPath [0x77B97C24+228]
	RtlGetAppContainerNamedObjectPath [0x77B97BF4+180]
">
      <![CDATA[org.openqa.selenium.SessionNotCreatedException: session not created: This version of ChromeDriver only supports Chrome version 80
Build info: version: '3.6.0', revision: '6fbf3ec767', time: '2017-09-27T15:28:36.4Z'
System info: host: 'LAPTOP-JVNL5G83', ip: '192.168.56.1', os.name: 'Windows 10', os.arch: 'amd64', os.version: '10.0', java.version: '1.8.0_151'
Driver info: driver.version: ChromeDriver
remote stacktrace: Backtrace:
	Ordinal0 [0x00A30C83+1707139]
	Ordinal0 [0x009968F1+1075441]
	Ordinal0 [0x0090DFC9+516041]
	Ordinal0 [0x008A0554+66900]
	Ordinal0 [0x0089CCE2+52450]
	Ordinal0 [0x008BBFD7+180183]
	Ordinal0 [0x008BBDDD+179677]
	Ordinal0 [0x008B9D4B+171339]
	Ordinal0 [0x008A1D4A+73034]
	Ordinal0 [0x008A2DC0+77248]
	Ordinal0 [0x008A2D59+77145]
	Ordinal0 [0x009ABB67+1162087]
	GetHandleVerifier [0x00ACA966+508998]
	GetHandleVerifier [0x00ACA6A4+508292]
	GetHandleVerifier [0x00ADF7B7+594583]
	GetHandleVerifier [0x00ACB1D6+511158]
	Ordinal0 [0x009A402C+1130540]
	Ordinal0 [0x009AD4CB+1168587]
	Ordinal0 [0x009AD633+1168947]
	Ordinal0 [0x009C5B35+1268533]
	BaseThreadInitThunk [0x77506359+25]
	RtlGetAppContainerNamedObjectPath [0x77B97C24+228]
	RtlGetAppContainerNamedObjectPath [0x77B97BF4+180]

	at sun.reflect.NativeConstructorAccessorImpl.newInstance0(Native Method)
	at sun.reflect.NativeConstructorAccessorImpl.newInstance(NativeConstructorAccessorImpl.java:62)
	at sun.reflect.DelegatingConstructorAccessorImpl.newInstance(DelegatingConstructorAccessorImpl.java:45)
	at java.lang.reflect.Constructor.newInstance(Constructor.java:423)
	at org.openqa.selenium.remote.W3CHandshakeResponse.lambda$new$0(W3CHandshakeResponse.java:57)
	at org.openqa.selenium.remote.W3CHandshakeResponse.lambda$getResponseFunction$2(W3CHandshakeResponse.java:104)
	at org.openqa.selenium.remote.ProtocolHandshake.lambda$createSession$24(ProtocolHandshake.java:359)
	at java.util.stream.ReferencePipeline$3$1.accept(ReferencePipeline.java:193)
	at java.util.Spliterators$ArraySpliterator.tryAdvance(Spliterators.java:958)
	at java.util.stream.ReferencePipeline.forEachWithCancel(ReferencePipeline.java:126)
	at java.util.stream.AbstractPipeline.copyIntoWithCancel(AbstractPipeline.java:498)
	at java.util.stream.AbstractPipeline.copyInto(AbstractPipeline.java:485)
	at java.util.stream.AbstractPipeline.wrapAndCopyInto(AbstractPipeline.java:471)
	at java.util.stream.FindOps$FindOp.evaluateSequential(FindOps.java:152)
	at java.util.stream.AbstractPipeline.evaluate(AbstractPipeline.java:234)
	at java.util.stream.ReferencePipeline.findFirst(ReferencePipeline.java:464)
	at org.openqa.selenium.remote.ProtocolHandshake.createSession(ProtocolHandshake.java:362)
	at org.openqa.selenium.remote.ProtocolHandshake.createSession(ProtocolHandshake.java:136)
	at org.openqa.selenium.remote.HttpCommandExecutor.execute(HttpCommandExecutor.java:142)
	at org.openqa.selenium.remote.service.DriverCommandExecutor.execute(DriverCommandExecutor.java:83)
	at org.openqa.selenium.remote.RemoteWebDriver.execute(RemoteWebDriver.java:586)
	at org.openqa.selenium.remote.RemoteWebDriver.startSession(RemoteWebDriver.java:217)
	at org.openqa.selenium.remote.RemoteWebDriver.<init>(RemoteWebDriver.java:140)
	at org.openqa.selenium.chrome.ChromeDriver.<init>(ChromeDriver.java:181)
	at org.openqa.selenium.chrome.ChromeDriver.<init>(ChromeDriver.java:168)
	at org.openqa.selenium.chrome.ChromeDriver.<init>(ChromeDriver.java:123)
	at com.e_commerce.qa.base.TestBase.intialisation(TestBase.java:98)
	at E_Commerece.onLineShoppingProject.AddToCartTest.setup(AddToCartTest.java:24)
	at sun.reflect.NativeMethodAccessorImpl.invoke0(Native Method)
	at sun.reflect.NativeMethodAccessorImpl.invoke(NativeMethodAccessorImpl.java:62)
	at sun.reflect.DelegatingMethodAccessorImpl.invoke(DelegatingMethodAccessorImpl.java:43)
	at java.lang.reflect.Method.invoke(Method.java:498)
	at org.testng.internal.MethodInvocationHelper.invokeMethod(MethodInvocationHelper.java:108)
	at org.testng.internal.Invoker.invokeConfigurationMethod(Invoker.java:523)
	at org.testng.internal.Invoker.invokeConfigurations(Invoker.java:224)
	at org.testng.internal.Invoker.invokeMethod(Invoker.java:599)
	at org.testng.internal.Invoker.invokeTestMethod(Invoker.java:869)
	at org.testng.internal.Invoker.invokeTestMethods(Invoker.java:1193)
	at org.testng.internal.TestMethodWorker.invokeTestMethods(TestMethodWorker.java:126)
	at org.testng.internal.TestMethodWorker.run(TestMethodWorker.java:109)
	at java.util.concurrent.ThreadPoolExecutor.runWorker(ThreadPoolExecutor.java:1149)
	at java.util.concurrent.ThreadPoolExecutor$Worker.run(ThreadPoolExecutor.java:624)
	at java.lang.Thread.run(Thread.java:748)
]]>
    </error>
  </testcase> <!-- setup -->
  <testcase name="clickAddToWishListButtonTest" time="0.000" classname="E_Commerece.onLineShoppingProject.AddToCartTest">
    <skipped/>
  </testcase> <!-- clickAddToWishListButtonTest -->
  <testcase name="addtoCartTest" time="0.000" classname="E_Commerece.onLineShoppingProject.AddToCartTest">
    <skipped/>
  </testcase> <!-- addtoCartTest -->
</testsuite> <!-- E_Commerece.onLineShoppingProject.AddToCartTest -->
