<?xml version="1.0" encoding="UTF-8"?>
<!-- Generated by org.testng.reporters.JUnitXMLReporter -->
<testsuite hostname="LAPTOP-JVNL5G83" ignored="0" name="Test" tests="6" failures="1" timestamp="15 Jul 2020 15:39:16 GMT" time="98.828" errors="0">
  <testcase name="verifyUserNameTest" time="0.127" classname="E_Commerece.onLineShoppingProject.HomePageTest"/>
  <testcase name="verifyHomeIconTest" time="0.076" classname="E_Commerece.onLineShoppingProject.HomePageTest"/>
  <testcase name="shoppingCartItemsTest" time="1.26" classname="E_Commerece.onLineShoppingProject.HomePageTest">
    <skipped/>
  </testcase> <!-- shoppingCartItemsTest -->
  <testcase name="shoppingCartItemsTest" time="2.748" classname="E_Commerece.onLineShoppingProject.HomePageTest">
    <skipped/>
  </testcase> <!-- shoppingCartItemsTest -->
  <testcase name="shoppingCartItemsTest" time="1.499" classname="E_Commerece.onLineShoppingProject.HomePageTest">
    <skipped/>
  </testcase> <!-- shoppingCartItemsTest -->
  <testcase name="shoppingCartItemsTest" time="1.294" classname="E_Commerece.onLineShoppingProject.HomePageTest">
    <failure type="java.lang.AssertionError" message="expected [SHOPPING-CART SUMMARY-Manvir] but found [SHOPPING-CART SUMMARY]">
      <![CDATA[java.lang.AssertionError: expected [SHOPPING-CART SUMMARY-Manvir] but found [SHOPPING-CART SUMMARY]
	at E_Commerece.onLineShoppingProject.HomePageTest.shoppingCartItemsTest(HomePageTest.java:78)
	at java.util.concurrent.ThreadPoolExecutor.runWorker(ThreadPoolExecutor.java:1149)
	at java.util.concurrent.ThreadPoolExecutor$Worker.run(ThreadPoolExecutor.java:624)
	at java.lang.Thread.run(Thread.java:748)
... Removed 16 stack frames]]>
    </failure>
  </testcase> <!-- shoppingCartItemsTest -->
</testsuite> <!-- Test -->
